<?xml version="1.0" encoding="UTF-8"?>
<!-- Generated by org.testng.reporters.JUnitXMLReporter -->
<testsuite ignored="0" hostname="DESKTOP-GGQ6OF8" failures="0" tests="4" name="Testf" time="26.969" errors="0" timestamp="2023-08-25T18:59:14 IST">
  <testcase classname="tablelayer.Serialtesting" name="f" time="5.763"/>
  <testcase classname="tablelayer.Serialtesting" name="i" time="5.207"/>
  <testcase classname="tablelayer.Serialtesting" name="k" time="2.835"/>
  <testcase classname="tablelayer.Serialtesting" name="y" time="13.134"/>
</testsuite> <!-- Testf -->
