<?xml version="1.0" encoding="UTF-8"?>
<!-- Generated by org.testng.reporters.JUnitXMLReporter -->
<testsuite ignored="0" hostname="DESKTOP-GGQ6OF8" failures="0" tests="4" name="Testi" time="50.204" errors="0" timestamp="2023-08-25T19:00:04 IST">
  <testcase classname="tablelayer.Serialtesting" name="f" time="8.799"/>
  <testcase classname="tablelayer.Serialtesting" name="i" time="34.704"/>
  <testcase classname="tablelayer.Serialtesting" name="k" time="3.463"/>
  <testcase classname="tablelayer.Serialtesting" name="y" time="3.23"/>
</testsuite> <!-- Testi -->
