<?xml version="1.0" encoding="UTF-8"?>
<!-- Generated by org.testng.reporters.JUnitXMLReporter -->
<testsuite ignored="0" hostname="DESKTOP-GGQ6OF8" failures="0" tests="4" name="Testy" time="0.004" errors="0" timestamp="2023-08-25T18:49:26 IST">
  <testcase classname="tablelayer.Serialtesting" name="f" time="0.0"/>
  <testcase classname="tablelayer.Serialtesting" name="i" time="0.0"/>
  <testcase classname="tablelayer.Serialtesting" name="k" time="0.0"/>
  <testcase classname="tablelayer.Serialtesting" name="y" time="0.0"/>
</testsuite> <!-- Testy -->
